<?xml version="1.0" encoding="UTF-8"?>
<coverage generated="1570400669488" clover="3.2.0">
  <project timestamp="1570400669488" name="All files">
    <metrics statements="16" coveredstatements="4" conditionals="2" coveredconditionals="0" methods="7" coveredmethods="2" elements="25" coveredelements="6" complexity="0" loc="16" ncloc="16" packages="1" files="5" classes="5"/>
    <file name="app.js" path="C:\Users\GrandMasterDaddy\Desktop\code\school2019\post\src\js\app.js">
      <metrics statements="1" coveredstatements="0" conditionals="0" coveredconditionals="0" methods="0" coveredmethods="0"/>
      <line num="5" count="0" type="stmt"/>
    </file>
    <file name="oct.js" path="C:\Users\GrandMasterDaddy\Desktop\code\school2019\post\src\js\oct.js">
      <metrics statements="2" coveredstatements="2" conditionals="0" coveredconditionals="0" methods="1" coveredmethods="1"/>
      <line num="1" count="1" type="stmt"/>
      <line num="10" count="1" type="stmt"/>
    </file>
    <file name="robot.js" path="C:\Users\GrandMasterDaddy\Desktop\code\school2019\post\src\js\robot.js">
      <metrics statements="10" coveredstatements="0" conditionals="2" coveredconditionals="0" methods="4" coveredmethods="0"/>
      <line num="5" count="0" type="stmt"/>
      <line num="6" count="0" type="stmt"/>
      <line num="9" count="0" type="stmt"/>
      <line num="13" count="0" type="stmt"/>
      <line num="14" count="0" type="cond" truecount="0" falsecount="2"/>
      <line num="15" count="0" type="stmt"/>
      <line num="19" count="0" type="stmt"/>
      <line num="26" count="0" type="stmt"/>
      <line num="27" count="0" type="stmt"/>
      <line num="30" count="0" type="stmt"/>
    </file>
    <file name="site.js" path="C:\Users\GrandMasterDaddy\Desktop\code\school2019\post\src\js\site.js">
      <metrics statements="1" coveredstatements="0" conditionals="0" coveredconditionals="0" methods="1" coveredmethods="0"/>
      <line num="7" count="0" type="stmt"/>
    </file>
    <file name="sum.js" path="C:\Users\GrandMasterDaddy\Desktop\code\school2019\post\src\js\sum.js">
      <metrics statements="2" coveredstatements="2" conditionals="0" coveredconditionals="0" methods="1" coveredmethods="1"/>
      <line num="2" count="1" type="stmt"/>
      <line num="5" count="1" type="stmt"/>
    </file>
  </project>
</coverage>
