<?xml version="1.0" encoding="UTF-8"?>
<coverage generated="1570903911050" clover="3.2.0">
  <project timestamp="1570903911050" name="All files">
    <metrics statements="9" coveredstatements="3" conditionals="0" coveredconditionals="0" methods="3" coveredmethods="1" elements="12" coveredelements="4" complexity="0" loc="9" ncloc="9" packages="1" files="2" classes="2"/>
    <file name="app.js" path="C:\Users\GrandMasterDaddy\Desktop\code\school2019\post\src\js\app.js">
      <metrics statements="6" coveredstatements="0" conditionals="0" coveredconditionals="0" methods="2" coveredmethods="0"/>
      <line num="6" count="0" type="stmt"/>
      <line num="7" count="0" type="stmt"/>
      <line num="15" count="0" type="stmt"/>
      <line num="17" count="0" type="stmt"/>
      <line num="18" count="0" type="stmt"/>
      <line num="19" count="0" type="stmt"/>
    </file>
    <file name="site.js" path="C:\Users\GrandMasterDaddy\Desktop\code\school2019\post\src\js\site.js">
      <metrics statements="3" coveredstatements="3" conditionals="0" coveredconditionals="0" methods="1" coveredmethods="1"/>
      <line num="7" count="1" type="stmt"/>
      <line num="8" count="1" type="stmt"/>
      <line num="16" count="1" type="stmt"/>
    </file>
  </project>
</coverage>
