{"C:\\Users\\GrandMasterDaddy\\Desktop\\code\\school2019\\post\\src\\js\\app.js": {"path":"C:\\Users\\GrandMasterDaddy\\Desktop\\code\\school2019\\post\\src\\js\\app.js","statementMap":{"0":{"start":{"line":5,"column":0},"end":{"line":5,"column":59}}},"fnMap":{},"branchMap":{},"s":{"0":0},"f":{},"b":{},"hash":"7320320de5f1c9e8280a584f93f4dd2907cc7949"}
,"C:\\Users\\GrandMasterDaddy\\Desktop\\code\\school2019\\post\\src\\js\\oct.js": {"path":"C:\\Users\\GrandMasterDaddy\\Desktop\\code\\school2019\\post\\src\\js\\oct.js","statementMap":{"0":{"start":{"line":1,"column":10},"end":{"line":7,"column":1}},"1":{"start":{"line":10,"column":2},"end":{"line":10,"column":31}}},"fnMap":{"0":{"name":"getName","decl":{"start":{"line":9,"column":24},"end":{"line":9,"column":31}},"loc":{"start":{"line":9,"column":34},"end":{"line":11,"column":1}},"line":9}},"branchMap":{},"s":{"0":1,"1":1},"f":{"0":1},"b":{},"_coverageSchema":"43e27e138ebf9cfc5966b082cf9a028302ed4184","hash":"e5485b46a05c8698c5c975146efe26492862f57b"}
,"C:\\Users\\GrandMasterDaddy\\Desktop\\code\\school2019\\post\\src\\js\\robot.js": {"path":"C:\\Users\\GrandMasterDaddy\\Desktop\\code\\school2019\\post\\src\\js\\robot.js","statementMap":{"0":{"start":{"line":5,"column":4},"end":{"line":5,"column":17}},"1":{"start":{"line":6,"column":4},"end":{"line":8,"column":6}},"2":{"start":{"line":9,"column":4},"end":{"line":9,"column":53}},"3":{"start":{"line":13,"column":20},"end":{"line":13,"column":30}},"4":{"start":{"line":14,"column":4},"end":{"line":22,"column":5}},"5":{"start":{"line":15,"column":6},"end":{"line":17,"column":9}},"6":{"start":{"line":19,"column":6},"end":{"line":21,"column":9}},"7":{"start":{"line":26,"column":20},"end":{"line":26,"column":30}},"8":{"start":{"line":27,"column":4},"end":{"line":34,"column":6}},"9":{"start":{"line":30,"column":45},"end":{"line":30,"column":64}}},"fnMap":{"0":{"name":"(anonymous_0)","decl":{"start":{"line":4,"column":2},"end":{"line":4,"column":3}},"loc":{"start":{"line":4,"column":21},"end":{"line":10,"column":3}},"line":4},"1":{"name":"(anonymous_1)","decl":{"start":{"line":12,"column":2},"end":{"line":12,"column":3}},"loc":{"start":{"line":12,"column":17},"end":{"line":23,"column":3}},"line":12},"2":{"name":"(anonymous_2)","decl":{"start":{"line":25,"column":2},"end":{"line":25,"column":3}},"loc":{"start":{"line":25,"column":11},"end":{"line":35,"column":3}},"line":25},"3":{"name":"(anonymous_3)","decl":{"start":{"line":30,"column":39},"end":{"line":30,"column":40}},"loc":{"start":{"line":30,"column":45},"end":{"line":30,"column":64}},"line":30}},"branchMap":{"0":{"loc":{"start":{"line":14,"column":4},"end":{"line":22,"column":5}},"type":"if","locations":[{"start":{"line":14,"column":4},"end":{"line":22,"column":5}},{"start":{"line":14,"column":4},"end":{"line":22,"column":5}}],"line":14}},"s":{"0":0,"1":0,"2":0,"3":0,"4":0,"5":0,"6":0,"7":0,"8":0,"9":0},"f":{"0":0,"1":0,"2":0,"3":0},"b":{"0":[0,0]},"hash":"26a3d88cb04354ec627e484242269c66db79d9f9"}
,"C:\\Users\\GrandMasterDaddy\\Desktop\\code\\school2019\\post\\src\\js\\site.js": {"path":"C:\\Users\\GrandMasterDaddy\\Desktop\\code\\school2019\\post\\src\\js\\site.js","statementMap":{"0":{"start":{"line":7,"column":4},"end":{"line":15,"column":6}}},"fnMap":{"0":{"name":"(anonymous_0)","decl":{"start":{"line":6,"column":2},"end":{"line":6,"column":3}},"loc":{"start":{"line":6,"column":11},"end":{"line":16,"column":3}},"line":6}},"branchMap":{},"s":{"0":0},"f":{"0":0},"b":{},"hash":"b638c5b9dfec3a9103f5ac88ec86e8095d210d8e"}
,"C:\\Users\\GrandMasterDaddy\\Desktop\\code\\school2019\\post\\src\\js\\sum.js": {"path":"C:\\Users\\GrandMasterDaddy\\Desktop\\code\\school2019\\post\\src\\js\\sum.js","statementMap":{"0":{"start":{"line":2,"column":2},"end":{"line":2,"column":15}},"1":{"start":{"line":5,"column":0},"end":{"line":5,"column":21}}},"fnMap":{"0":{"name":"sum","decl":{"start":{"line":1,"column":9},"end":{"line":1,"column":12}},"loc":{"start":{"line":1,"column":18},"end":{"line":3,"column":1}},"line":1}},"branchMap":{},"s":{"0":1,"1":1},"f":{"0":1},"b":{},"_coverageSchema":"43e27e138ebf9cfc5966b082cf9a028302ed4184","hash":"b1699c5b29f3fe972a53558ba86e5c2ae268f44b"}
}
