{"C:\\Users\\GrandMasterDaddy\\Desktop\\code\\school2019\\post\\src\\js\\app.js": {"path":"C:\\Users\\GrandMasterDaddy\\Desktop\\code\\school2019\\post\\src\\js\\app.js","statementMap":{"0":{"start":{"line":6,"column":15},"end":{"line":13,"column":1}},"1":{"start":{"line":7,"column":2},"end":{"line":12,"column":4}},"2":{"start":{"line":15,"column":0},"end":{"line":15,"column":13}},"3":{"start":{"line":17,"column":0},"end":{"line":20,"column":3}},"4":{"start":{"line":18,"column":19},"end":{"line":18,"column":47}},"5":{"start":{"line":19,"column":2},"end":{"line":19,"column":19}}},"fnMap":{"0":{"name":"(anonymous_0)","decl":{"start":{"line":6,"column":15},"end":{"line":6,"column":16}},"loc":{"start":{"line":6,"column":30},"end":{"line":13,"column":1}},"line":6},"1":{"name":"(anonymous_1)","decl":{"start":{"line":17,"column":31},"end":{"line":17,"column":32}},"loc":{"start":{"line":17,"column":37},"end":{"line":20,"column":1}},"line":17}},"branchMap":{},"s":{"0":0,"1":0,"2":0,"3":0,"4":0,"5":0},"f":{"0":0,"1":0},"b":{},"hash":"0cefc0ab96b517f32721c8f69f255ff87de3548b"}
,"C:\\Users\\GrandMasterDaddy\\Desktop\\code\\school2019\\post\\src\\js\\site.js": {"path":"C:\\Users\\GrandMasterDaddy\\Desktop\\code\\school2019\\post\\src\\js\\site.js","statementMap":{"0":{"start":{"line":7,"column":21},"end":{"line":7,"column":31}},"1":{"start":{"line":8,"column":4},"end":{"line":12,"column":6}},"2":{"start":{"line":16,"column":0},"end":{"line":18,"column":2}}},"fnMap":{"0":{"name":"(anonymous_0)","decl":{"start":{"line":6,"column":2},"end":{"line":6,"column":3}},"loc":{"start":{"line":6,"column":11},"end":{"line":13,"column":3}},"line":6}},"branchMap":{},"s":{"0":1,"1":1,"2":1},"f":{"0":1},"b":{},"_coverageSchema":"43e27e138ebf9cfc5966b082cf9a028302ed4184","hash":"c0f5a0b71d2c20ad46f4c858cd026876a58b32cc"}
}
